<?xml version="1.0" encoding="UTF-8"?>
<!-- Generated by org.testng.reporters.JUnitXMLReporter -->
<testsuite ignored="0" hostname="DESKTOP-8QJ4HLD" failures="0" tests="4" name="Test" time="14.243" errors="0" timestamp="2023-05-23T21:25:03 IST">
  <testcase classname="test_pkg.test_class" name="execute" time="9.712"/>
  <testcase classname="test_pkg.test_class1" name="execute" time="1.413"/>
  <testcase classname="test_pkg.test_class2" name="execute" time="1.249"/>
  <testcase classname="test_pkg.test_class3" name="execute" time="1.562"/>
</testsuite> <!-- Test -->
