<?xml version="1.0" encoding="UTF-8"?>
<testng-results ignored="0" total="4" passed="4" failed="0" skipped="0">
  <reporter-output>
  </reporter-output>
  <suite started-at="2023-05-23T21:24:48 IST" name="Suite" finished-at="2023-05-23T21:25:03 IST" duration-ms="14243">
    <groups>
    </groups>
    <test started-at="2023-05-23T21:24:48 IST" name="Test" finished-at="2023-05-23T21:25:03 IST" duration-ms="14243">
      <class name="test_pkg.test_class1">
        <test-method signature="execute()[pri:0, instance:test_pkg.test_class1@2034b64c]" started-at="2023-05-23T21:24:58 IST" name="execute" finished-at="2023-05-23T21:25:00 IST" duration-ms="1413" status="PASS">
          <reporter-output>
          </reporter-output>
        </test-method> <!-- execute -->
      </class> <!-- test_pkg.test_class1 -->
      <class name="test_pkg.test_class3">
        <test-method signature="execute()[pri:0, instance:test_pkg.test_class3@74d1dc36]" started-at="2023-05-23T21:25:01 IST" name="execute" finished-at="2023-05-23T21:25:03 IST" duration-ms="1562" status="PASS">
          <reporter-output>
          </reporter-output>
        </test-method> <!-- execute -->
      </class> <!-- test_pkg.test_class3 -->
      <class name="test_pkg.test_class">
        <test-method signature="execute()[pri:0, instance:test_pkg.test_class@543295b0]" started-at="2023-05-23T21:24:48 IST" name="execute" finished-at="2023-05-23T21:24:58 IST" duration-ms="9712" status="PASS">
          <reporter-output>
          </reporter-output>
        </test-method> <!-- execute -->
      </class> <!-- test_pkg.test_class -->
      <class name="test_pkg.test_class2">
        <test-method signature="execute()[pri:0, instance:test_pkg.test_class2@75d3a5e0]" started-at="2023-05-23T21:25:00 IST" name="execute" finished-at="2023-05-23T21:25:01 IST" duration-ms="1249" status="PASS">
          <reporter-output>
          </reporter-output>
        </test-method> <!-- execute -->
      </class> <!-- test_pkg.test_class2 -->
    </test> <!-- Test -->
  </suite> <!-- Suite -->
</testng-results>
